2019-09-23 02:31:25,305 INFO Starting Nacos v1.1.3 on 7f231e1db5cc with PID 24 (/home/nacos/target/nacos-server.jar started by root in /home/nacos)

2019-09-23 02:31:25,322 INFO The following profiles are active: standalone

2019-09-23 02:31:27,893 INFO Bean 'org.springframework.security.config.annotation.configuration.ObjectPostProcessorConfiguration' of type [org.springframework.security.config.annotation.configuration.ObjectPostProcessorConfiguration$$EnhancerBySpringCGLIB$$8a49861a] is not eligible for getting processed by all BeanPostProcessors (for example: not eligible for auto-proxying)

2019-09-23 02:31:28,008 INFO Bean 'objectPostProcessor' of type [org.springframework.security.config.annotation.configuration.AutowireBeanFactoryObjectPostProcessor] is not eligible for getting processed by all BeanPostProcessors (for example: not eligible for auto-proxying)

2019-09-23 02:31:28,013 INFO Bean 'org.springframework.security.access.expression.method.DefaultMethodSecurityExpressionHandler@663c9e7a' of type [org.springframework.security.access.expression.method.DefaultMethodSecurityExpressionHandler] is not eligible for getting processed by all BeanPostProcessors (for example: not eligible for auto-proxying)

2019-09-23 02:31:28,017 INFO Bean 'org.springframework.security.config.annotation.method.configuration.GlobalMethodSecurityConfiguration' of type [org.springframework.security.config.annotation.method.configuration.GlobalMethodSecurityConfiguration$$EnhancerBySpringCGLIB$$af1e28cc] is not eligible for getting processed by all BeanPostProcessors (for example: not eligible for auto-proxying)

2019-09-23 02:31:28,024 INFO Bean 'methodSecurityMetadataSource' of type [org.springframework.security.access.method.DelegatingMethodSecurityMetadataSource] is not eligible for getting processed by all BeanPostProcessors (for example: not eligible for auto-proxying)

2019-09-23 02:31:28,709 INFO Tomcat initialized with port(s): 8848 (http)

2019-09-23 02:31:28,756 INFO Starting service [Tomcat]

2019-09-23 02:31:28,757 INFO Starting Servlet Engine: Apache Tomcat/9.0.13

2019-09-23 02:31:28,774 INFO The APR based Apache Tomcat Native library which allows optimal performance in production environments was not found on the java.library.path: [/usr/java/packages/lib/amd64:/usr/lib64:/lib64:/lib:/usr/lib]

2019-09-23 02:31:28,886 INFO Initializing Spring embedded WebApplicationContext

2019-09-23 02:31:28,888 INFO Root WebApplicationContext: initialization completed in 3416 ms

2019-09-23 02:31:32,455 INFO Use Mysql as the driver

2019-09-23 02:31:32,938 INFO Initializing ExecutorService 'applicationTaskExecutor'

2019-09-23 02:31:33,545 INFO Adding welcome page: class path resource [static/index.html]

2019-09-23 02:31:33,931 INFO Creating filter chain: Ant [pattern='/'], []

2019-09-23 02:31:33,933 INFO Creating filter chain: Ant [pattern='/**/*.css'], []

2019-09-23 02:31:33,934 INFO Creating filter chain: Ant [pattern='/**/*.js'], []

2019-09-23 02:31:33,935 INFO Creating filter chain: Ant [pattern='/**/*.html'], []

2019-09-23 02:31:33,936 INFO Creating filter chain: Ant [pattern='/**/*.map'], []

2019-09-23 02:31:33,936 INFO Creating filter chain: Ant [pattern='/**/*.svg'], []

2019-09-23 02:31:33,937 INFO Creating filter chain: Ant [pattern='/**/*.png'], []

2019-09-23 02:31:33,938 INFO Creating filter chain: Ant [pattern='/**/*.ico'], []

2019-09-23 02:31:33,939 INFO Creating filter chain: Ant [pattern='/console-fe/public/**'], []

2019-09-23 02:31:33,939 INFO Creating filter chain: Ant [pattern='/v1/auth/login'], []

2019-09-23 02:31:33,940 INFO Creating filter chain: Ant [pattern='/v1/console/health/**'], []

2019-09-23 02:31:33,941 INFO Creating filter chain: Ant [pattern='/v1/cs/**'], []

2019-09-23 02:31:33,942 INFO Creating filter chain: Ant [pattern='/v1/ns/**'], []

2019-09-23 02:31:33,942 INFO Creating filter chain: Ant [pattern='/v1/cmdb/**'], []

2019-09-23 02:31:33,943 INFO Creating filter chain: Ant [pattern='/actuator/**'], []

2019-09-23 02:31:33,943 INFO Creating filter chain: Ant [pattern='/v1/console/server/**'], []

2019-09-23 02:31:33,993 INFO Creating filter chain: any request, [org.springframework.security.web.context.request.async.WebAsyncManagerIntegrationFilter@58670130, org.springframework.security.web.context.SecurityContextPersistenceFilter@44e3760b, org.springframework.security.web.header.HeaderWriterFilter@6f0ca692, org.springframework.security.web.authentication.logout.LogoutFilter@24bdb479, com.alibaba.nacos.console.filter.JwtAuthenticationTokenFilter@74e47444, org.springframework.security.web.savedrequest.RequestCacheAwareFilter@5860f3d7, org.springframework.security.web.servletapi.SecurityContextHolderAwareRequestFilter@1ddae9b5, org.springframework.security.web.authentication.AnonymousAuthenticationFilter@9bd0fa6, org.springframework.security.web.session.SessionManagementFilter@2cb3d0f7, org.springframework.security.web.access.ExceptionTranslationFilter@71ae31b0, org.springframework.security.web.access.intercept.FilterSecurityInterceptor@346939bf]

2019-09-23 02:31:34,041 INFO Exposing 16 endpoint(s) beneath base path '/actuator'

2019-09-23 02:31:34,090 INFO Initializing ExecutorService 'taskScheduler'

2019-09-23 02:31:34,211 INFO Tomcat started on port(s): 8848 (http) with context path '/nacos'

2019-09-23 02:31:34,220 INFO Started Nacos in 11.154 seconds (JVM running for 12.254)

2019-09-23 02:31:34,220 INFO Nacos Log files: /home/nacos/logs/

2019-09-23 02:31:34,221 INFO Nacos Conf files: /home/nacos/conf/

2019-09-23 02:31:34,223 INFO Nacos Data files: /home/nacos/data/

2019-09-23 02:31:34,223 INFO Nacos started successfully in stand alone mode.

2019-09-23 02:31:37,277 INFO Initializing Spring DispatcherServlet 'dispatcherServlet'

2019-09-23 02:31:37,279 INFO Initializing Servlet 'dispatcherServlet'

2019-09-23 02:31:37,309 INFO Completed initialization in 30 ms

2019-09-23 02:36:55,904 INFO Expired JWT token.

2019-09-23 02:36:55,919 ERROR Responding with unauthorized error. Message - Full authentication is required to access this resource

2019-09-23 02:41:31,754 INFO [capacityManagement] start correct usage

2019-09-23 02:41:31,781 INFO [capacityManagement] end correct usage, cost: 0s

2019-09-23 02:41:31,996 WARN clearConfigHistory start

2019-09-23 02:43:48,191 INFO Starting Nacos v1.1.3 on nacos-server-register with PID 25 (/home/nacos/target/nacos-server.jar started by root in /home/nacos)

2019-09-23 02:43:48,199 INFO The following profiles are active: standalone

2019-09-23 02:43:50,256 INFO Bean 'org.springframework.security.config.annotation.configuration.ObjectPostProcessorConfiguration' of type [org.springframework.security.config.annotation.configuration.ObjectPostProcessorConfiguration$$EnhancerBySpringCGLIB$$de7147a2] is not eligible for getting processed by all BeanPostProcessors (for example: not eligible for auto-proxying)

2019-09-23 02:43:50,347 INFO Bean 'objectPostProcessor' of type [org.springframework.security.config.annotation.configuration.AutowireBeanFactoryObjectPostProcessor] is not eligible for getting processed by all BeanPostProcessors (for example: not eligible for auto-proxying)

2019-09-23 02:43:50,351 INFO Bean 'org.springframework.security.access.expression.method.DefaultMethodSecurityExpressionHandler@7674f035' of type [org.springframework.security.access.expression.method.DefaultMethodSecurityExpressionHandler] is not eligible for getting processed by all BeanPostProcessors (for example: not eligible for auto-proxying)

2019-09-23 02:43:50,355 INFO Bean 'org.springframework.security.config.annotation.method.configuration.GlobalMethodSecurityConfiguration' of type [org.springframework.security.config.annotation.method.configuration.GlobalMethodSecurityConfiguration$$EnhancerBySpringCGLIB$$345ea54] is not eligible for getting processed by all BeanPostProcessors (for example: not eligible for auto-proxying)

2019-09-23 02:43:50,360 INFO Bean 'methodSecurityMetadataSource' of type [org.springframework.security.access.method.DelegatingMethodSecurityMetadataSource] is not eligible for getting processed by all BeanPostProcessors (for example: not eligible for auto-proxying)

2019-09-23 02:43:50,901 INFO Tomcat initialized with port(s): 8848 (http)

2019-09-23 02:43:50,935 INFO Starting service [Tomcat]

2019-09-23 02:43:50,936 INFO Starting Servlet Engine: Apache Tomcat/9.0.13

2019-09-23 02:43:50,951 INFO The APR based Apache Tomcat Native library which allows optimal performance in production environments was not found on the java.library.path: [/usr/java/packages/lib/amd64:/usr/lib64:/lib64:/lib:/usr/lib]

2019-09-23 02:43:51,048 INFO Initializing Spring embedded WebApplicationContext

2019-09-23 02:43:51,049 INFO Root WebApplicationContext: initialization completed in 2725 ms

2019-09-23 02:43:53,744 INFO Use Mysql as the driver

2019-09-23 02:43:54,125 INFO Initializing ExecutorService 'applicationTaskExecutor'

2019-09-23 02:43:54,537 INFO Adding welcome page: class path resource [static/index.html]

2019-09-23 02:43:54,868 INFO Creating filter chain: Ant [pattern='/'], []

2019-09-23 02:43:54,869 INFO Creating filter chain: Ant [pattern='/**/*.css'], []

2019-09-23 02:43:54,871 INFO Creating filter chain: Ant [pattern='/**/*.js'], []

2019-09-23 02:43:54,872 INFO Creating filter chain: Ant [pattern='/**/*.html'], []

2019-09-23 02:43:54,873 INFO Creating filter chain: Ant [pattern='/**/*.map'], []

2019-09-23 02:43:54,873 INFO Creating filter chain: Ant [pattern='/**/*.svg'], []

2019-09-23 02:43:54,874 INFO Creating filter chain: Ant [pattern='/**/*.png'], []

2019-09-23 02:43:54,874 INFO Creating filter chain: Ant [pattern='/**/*.ico'], []

2019-09-23 02:43:54,875 INFO Creating filter chain: Ant [pattern='/console-fe/public/**'], []

2019-09-23 02:43:54,876 INFO Creating filter chain: Ant [pattern='/v1/auth/login'], []

2019-09-23 02:43:54,876 INFO Creating filter chain: Ant [pattern='/v1/console/health/**'], []

2019-09-23 02:43:54,877 INFO Creating filter chain: Ant [pattern='/v1/cs/**'], []

2019-09-23 02:43:54,877 INFO Creating filter chain: Ant [pattern='/v1/ns/**'], []

2019-09-23 02:43:54,878 INFO Creating filter chain: Ant [pattern='/v1/cmdb/**'], []

2019-09-23 02:43:54,878 INFO Creating filter chain: Ant [pattern='/actuator/**'], []

2019-09-23 02:43:54,879 INFO Creating filter chain: Ant [pattern='/v1/console/server/**'], []

2019-09-23 02:43:54,907 INFO Creating filter chain: any request, [org.springframework.security.web.context.request.async.WebAsyncManagerIntegrationFilter@44e3760b, org.springframework.security.web.context.SecurityContextPersistenceFilter@77602954, org.springframework.security.web.header.HeaderWriterFilter@38f57b3d, org.springframework.security.web.authentication.logout.LogoutFilter@40258c2f, com.alibaba.nacos.console.filter.JwtAuthenticationTokenFilter@6a66a204, org.springframework.security.web.savedrequest.RequestCacheAwareFilter@2c3dec30, org.springframework.security.web.servletapi.SecurityContextHolderAwareRequestFilter@7c56e013, org.springframework.security.web.authentication.AnonymousAuthenticationFilter@5860f3d7, org.springframework.security.web.session.SessionManagementFilter@3ce3db41, org.springframework.security.web.access.ExceptionTranslationFilter@6ca0256d, org.springframework.security.web.access.intercept.FilterSecurityInterceptor@2cb3d0f7]

2019-09-23 02:43:54,940 INFO Exposing 16 endpoint(s) beneath base path '/actuator'

2019-09-23 02:43:54,972 INFO Initializing ExecutorService 'taskScheduler'

2019-09-23 02:43:55,078 INFO Tomcat started on port(s): 8848 (http) with context path '/nacos'

2019-09-23 02:43:55,083 INFO Started Nacos in 8.645 seconds (JVM running for 9.422)

2019-09-23 02:43:55,084 INFO Nacos Log files: /home/nacos/logs/

2019-09-23 02:43:55,085 INFO Nacos Conf files: /home/nacos/conf/

2019-09-23 02:43:55,086 INFO Nacos Data files: /home/nacos/data/

2019-09-23 02:43:55,087 INFO Nacos started successfully in stand alone mode.

2019-09-23 02:43:58,634 INFO Initializing Spring DispatcherServlet 'dispatcherServlet'

2019-09-23 02:43:58,636 INFO Initializing Servlet 'dispatcherServlet'

2019-09-23 02:43:58,656 INFO Completed initialization in 20 ms

2019-09-23 02:45:19,797 INFO Expired JWT token.

2019-09-23 02:45:19,820 ERROR Responding with unauthorized error. Message - Full authentication is required to access this resource

