2019-09-23 02:31:29,162 INFO listen for service meta change

2019-09-23 02:31:34,214 INFO [SERVER-INIT] got port: 8848

2019-09-23 02:31:34,214 INFO [SERVER-INIT] got path: /nacos

2019-09-23 02:31:48,906 INFO receive config info: unknown#7f231e1db5cc:8848#1569177108906#2


2019-09-23 02:32:03,908 INFO [NACOS-DISTRO] healthy server list changed, disable health check for 60000 ms from now on, old: [], new: [{"adWeight":0,"alive":true,"ip":"7f231e1db5cc","key":"7f231e1db5cc:8848","lastRefTime":1569177108906,"lastRefTimeStr":"2019-09-23 02:31:48","servePort":8848,"site":"unknown","weight":2}]

2019-09-23 02:32:03,909 INFO receive config info: unknown#7f231e1db5cc:8848#1569177123909#2


2019-09-23 02:32:18,888 INFO receive config info: unknown#7f231e1db5cc:8848#1569177138888#2


2019-09-23 02:32:33,890 INFO receive config info: unknown#7f231e1db5cc:8848#1569177153890#2


2019-09-23 02:32:48,870 INFO receive config info: unknown#7f231e1db5cc:8848#1569177168870#2


2019-09-23 02:33:03,871 INFO receive config info: unknown#7f231e1db5cc:8848#1569177183871#2


2019-09-23 02:33:18,851 INFO [NACOS-DISTRO] distro threshold restored and stable now, enable health check. current ratio: 1.0

2019-09-23 02:33:18,851 INFO receive config info: unknown#7f231e1db5cc:8848#1569177198851#2


2019-09-23 02:33:33,853 INFO receive config info: unknown#7f231e1db5cc:8848#1569177213853#2


2019-09-23 02:33:48,834 INFO receive config info: unknown#7f231e1db5cc:8848#1569177228834#2


2019-09-23 02:34:03,835 INFO receive config info: unknown#7f231e1db5cc:8848#1569177243835#2


2019-09-23 02:34:18,814 INFO receive config info: unknown#7f231e1db5cc:8848#1569177258814#2


2019-09-23 02:34:33,815 INFO receive config info: unknown#7f231e1db5cc:8848#1569177273815#2


2019-09-23 02:34:48,795 INFO receive config info: unknown#7f231e1db5cc:8848#1569177288795#2


2019-09-23 02:35:03,796 INFO receive config info: unknown#7f231e1db5cc:8848#1569177303796#2


2019-09-23 02:35:18,774 INFO receive config info: unknown#7f231e1db5cc:8848#1569177318774#2


2019-09-23 02:35:33,775 INFO receive config info: unknown#7f231e1db5cc:8848#1569177333775#2


2019-09-23 02:35:48,754 INFO receive config info: unknown#7f231e1db5cc:8848#1569177348754#2


2019-09-23 02:36:03,756 INFO receive config info: unknown#7f231e1db5cc:8848#1569177363756#2


2019-09-23 02:36:18,735 INFO receive config info: unknown#7f231e1db5cc:8848#1569177378735#2


2019-09-23 02:36:33,735 INFO receive config info: unknown#7f231e1db5cc:8848#1569177393735#2


2019-09-23 02:36:48,714 INFO receive config info: unknown#7f231e1db5cc:8848#1569177408714#2


2019-09-23 02:37:03,715 INFO receive config info: unknown#7f231e1db5cc:8848#1569177423715#2


2019-09-23 02:37:18,695 INFO receive config info: unknown#7f231e1db5cc:8848#1569177438695#2


2019-09-23 02:37:33,696 INFO receive config info: unknown#7f231e1db5cc:8848#1569177453696#2


2019-09-23 02:37:48,675 INFO receive config info: unknown#7f231e1db5cc:8848#1569177468675#2


2019-09-23 02:38:03,676 INFO receive config info: unknown#7f231e1db5cc:8848#1569177483676#2


2019-09-23 02:38:18,655 INFO receive config info: unknown#7f231e1db5cc:8848#1569177498655#2


2019-09-23 02:38:33,657 INFO receive config info: unknown#7f231e1db5cc:8848#1569177513657#2


2019-09-23 02:38:48,638 INFO receive config info: unknown#7f231e1db5cc:8848#1569177528638#2


2019-09-23 02:39:03,639 INFO receive config info: unknown#7f231e1db5cc:8848#1569177543639#2


2019-09-23 02:39:18,618 INFO receive config info: unknown#7f231e1db5cc:8848#1569177558618#2


2019-09-23 02:39:33,620 INFO receive config info: unknown#7f231e1db5cc:8848#1569177573620#2


2019-09-23 02:39:48,599 INFO receive config info: unknown#7f231e1db5cc:8848#1569177588599#2


2019-09-23 02:40:03,600 INFO receive config info: unknown#7f231e1db5cc:8848#1569177603600#2


2019-09-23 02:40:18,579 INFO receive config info: unknown#7f231e1db5cc:8848#1569177618579#2


2019-09-23 02:40:33,580 INFO receive config info: unknown#7f231e1db5cc:8848#1569177633580#2


2019-09-23 02:40:48,561 INFO receive config info: unknown#7f231e1db5cc:8848#1569177648561#2


2019-09-23 02:41:03,562 INFO receive config info: unknown#7f231e1db5cc:8848#1569177663562#2


2019-09-23 02:41:18,541 INFO receive config info: unknown#7f231e1db5cc:8848#1569177678541#2


2019-09-23 02:41:33,543 INFO receive config info: unknown#7f231e1db5cc:8848#1569177693543#2


2019-09-23 02:41:48,523 INFO receive config info: unknown#7f231e1db5cc:8848#1569177708523#2


2019-09-23 02:42:03,526 INFO receive config info: unknown#7f231e1db5cc:8848#1569177723526#2


2019-09-23 02:42:18,505 INFO receive config info: unknown#7f231e1db5cc:8848#1569177738505#2


2019-09-23 02:42:33,506 INFO receive config info: unknown#7f231e1db5cc:8848#1569177753506#2


2019-09-23 02:42:48,485 INFO receive config info: unknown#7f231e1db5cc:8848#1569177768485#2


2019-09-23 02:43:03,486 INFO receive config info: unknown#7f231e1db5cc:8848#1569177783486#2


2019-09-23 02:43:18,466 INFO receive config info: unknown#7f231e1db5cc:8848#1569177798466#2


2019-09-23 02:43:33,467 INFO receive config info: unknown#7f231e1db5cc:8848#1569177813467#2


2019-09-23 02:43:51,249 INFO listen for service meta change

2019-09-23 02:43:55,080 INFO [SERVER-INIT] got port: 8848

2019-09-23 02:43:55,081 INFO [SERVER-INIT] got path: /nacos

2019-09-23 02:43:56,082 INFO receive config info: unknown#nacos-server-register:8848#1569177836082#2


2019-09-23 02:44:11,061 INFO [NACOS-DISTRO] healthy server list changed, disable health check for 60000 ms from now on, old: [], new: [{"adWeight":0,"alive":true,"ip":"nacos-server-register","key":"nacos-server-register:8848","lastRefTime":1569177836082,"lastRefTimeStr":"2019-09-23 02:43:56","servePort":8848,"site":"unknown","weight":2}]

2019-09-23 02:44:11,062 INFO receive config info: unknown#nacos-server-register:8848#1569177851062#2


2019-09-23 02:44:26,064 INFO receive config info: unknown#nacos-server-register:8848#1569177866064#2


2019-09-23 02:44:41,043 INFO receive config info: unknown#nacos-server-register:8848#1569177881043#2


2019-09-23 02:44:56,045 INFO receive config info: unknown#nacos-server-register:8848#1569177896045#2


2019-09-23 02:45:11,025 INFO receive config info: unknown#nacos-server-register:8848#1569177911025#2


2019-09-23 02:45:26,027 INFO [NACOS-DISTRO] distro threshold restored and stable now, enable health check. current ratio: 1.0

2019-09-23 02:45:26,027 INFO receive config info: unknown#nacos-server-register:8848#1569177926027#2


2019-09-23 02:45:41,006 INFO receive config info: unknown#nacos-server-register:8848#1569177941006#2


2019-09-23 02:45:56,008 INFO receive config info: unknown#nacos-server-register:8848#1569177956008#2


2019-09-23 02:46:10,987 INFO receive config info: unknown#nacos-server-register:8848#1569177970987#2


