
         ,--.
       ,--.'|
   ,--,:  : |                                           Nacos 1.1.3
,`--.'`|  ' :                       ,---.               Running in stand alone mode, All function modules
|   :  :  | |                      '   ,'\   .--.--.    Port: 8848
:   |   \ | :  ,--.--.     ,---.  /   /   | /  /    '   Pid: 25
|   : '  '; | /       \   /     \.   ; ,. :|  :  /`./   Console: http://nacos-server-register:8848/nacos/index.html
'   ' ;.    ;.--.  .-. | /    / ''   | |: :|  :  ;_
|   | | \   | \__\/: . ..    ' / '   | .; : \  \    `.      https://nacos.io
'   : |  ; .' ," .--.; |'   ; :__|   :    |  `----.   \
|   | '`--'  /  /  ,.  |'   | '.'|\   \  /  /  /`--'  /
'   : |     ;  :   .'   \   :    : `----'  '--'.     /
;   |.'     |  ,     .-./\   \  /            `--'---'
'---'        `--`---'     `----'

2019-09-23 02:43:50,256 INFO Bean 'org.springframework.security.config.annotation.configuration.ObjectPostProcessorConfiguration' of type [org.springframework.security.config.annotation.configuration.ObjectPostProcessorConfiguration$$EnhancerBySpringCGLIB$$de7147a2] is not eligible for getting processed by all BeanPostProcessors (for example: not eligible for auto-proxying)

2019-09-23 02:43:50,347 INFO Bean 'objectPostProcessor' of type [org.springframework.security.config.annotation.configuration.AutowireBeanFactoryObjectPostProcessor] is not eligible for getting processed by all BeanPostProcessors (for example: not eligible for auto-proxying)

2019-09-23 02:43:50,351 INFO Bean 'org.springframework.security.access.expression.method.DefaultMethodSecurityExpressionHandler@7674f035' of type [org.springframework.security.access.expression.method.DefaultMethodSecurityExpressionHandler] is not eligible for getting processed by all BeanPostProcessors (for example: not eligible for auto-proxying)

2019-09-23 02:43:50,355 INFO Bean 'org.springframework.security.config.annotation.method.configuration.GlobalMethodSecurityConfiguration' of type [org.springframework.security.config.annotation.method.configuration.GlobalMethodSecurityConfiguration$$EnhancerBySpringCGLIB$$345ea54] is not eligible for getting processed by all BeanPostProcessors (for example: not eligible for auto-proxying)

2019-09-23 02:43:50,360 INFO Bean 'methodSecurityMetadataSource' of type [org.springframework.security.access.method.DelegatingMethodSecurityMetadataSource] is not eligible for getting processed by all BeanPostProcessors (for example: not eligible for auto-proxying)

2019-09-23 02:43:50,901 INFO Tomcat initialized with port(s): 8848 (http)

2019-09-23 02:43:51,049 INFO Root WebApplicationContext: initialization completed in 2725 ms

2019-09-23 02:43:54,125 INFO Initializing ExecutorService 'applicationTaskExecutor'

2019-09-23 02:43:54,537 INFO Adding welcome page: class path resource [static/index.html]

2019-09-23 02:43:54,868 INFO Creating filter chain: Ant [pattern='/'], []

2019-09-23 02:43:54,869 INFO Creating filter chain: Ant [pattern='/**/*.css'], []

2019-09-23 02:43:54,871 INFO Creating filter chain: Ant [pattern='/**/*.js'], []

2019-09-23 02:43:54,872 INFO Creating filter chain: Ant [pattern='/**/*.html'], []

2019-09-23 02:43:54,873 INFO Creating filter chain: Ant [pattern='/**/*.map'], []

2019-09-23 02:43:54,873 INFO Creating filter chain: Ant [pattern='/**/*.svg'], []

2019-09-23 02:43:54,874 INFO Creating filter chain: Ant [pattern='/**/*.png'], []

2019-09-23 02:43:54,874 INFO Creating filter chain: Ant [pattern='/**/*.ico'], []

2019-09-23 02:43:54,875 INFO Creating filter chain: Ant [pattern='/console-fe/public/**'], []

2019-09-23 02:43:54,876 INFO Creating filter chain: Ant [pattern='/v1/auth/login'], []

2019-09-23 02:43:54,876 INFO Creating filter chain: Ant [pattern='/v1/console/health/**'], []

2019-09-23 02:43:54,877 INFO Creating filter chain: Ant [pattern='/v1/cs/**'], []

2019-09-23 02:43:54,877 INFO Creating filter chain: Ant [pattern='/v1/ns/**'], []

2019-09-23 02:43:54,878 INFO Creating filter chain: Ant [pattern='/v1/cmdb/**'], []

2019-09-23 02:43:54,878 INFO Creating filter chain: Ant [pattern='/actuator/**'], []

2019-09-23 02:43:54,879 INFO Creating filter chain: Ant [pattern='/v1/console/server/**'], []

2019-09-23 02:43:54,907 INFO Creating filter chain: any request, [org.springframework.security.web.context.request.async.WebAsyncManagerIntegrationFilter@44e3760b, org.springframework.security.web.context.SecurityContextPersistenceFilter@77602954, org.springframework.security.web.header.HeaderWriterFilter@38f57b3d, org.springframework.security.web.authentication.logout.LogoutFilter@40258c2f, com.alibaba.nacos.console.filter.JwtAuthenticationTokenFilter@6a66a204, org.springframework.security.web.savedrequest.RequestCacheAwareFilter@2c3dec30, org.springframework.security.web.servletapi.SecurityContextHolderAwareRequestFilter@7c56e013, org.springframework.security.web.authentication.AnonymousAuthenticationFilter@5860f3d7, org.springframework.security.web.session.SessionManagementFilter@3ce3db41, org.springframework.security.web.access.ExceptionTranslationFilter@6ca0256d, org.springframework.security.web.access.intercept.FilterSecurityInterceptor@2cb3d0f7]

2019-09-23 02:43:54,940 INFO Exposing 16 endpoint(s) beneath base path '/actuator'

2019-09-23 02:43:54,972 INFO Initializing ExecutorService 'taskScheduler'

2019-09-23 02:43:55,078 INFO Tomcat started on port(s): 8848 (http) with context path '/nacos'

2019-09-23 02:43:55,084 INFO Nacos Log files: /home/nacos/logs/

2019-09-23 02:43:55,085 INFO Nacos Conf files: /home/nacos/conf/

2019-09-23 02:43:55,086 INFO Nacos Data files: /home/nacos/data/

2019-09-23 02:43:55,087 INFO Nacos started successfully in stand alone mode.

2019-09-23 02:43:58,636 INFO Initializing Servlet 'dispatcherServlet'

2019-09-23 02:43:58,656 INFO Completed initialization in 20 ms

