2019-09-23 03:04:11,779 INFO The server IP list of Nacos is [192.168.0.103:8880, 192.168.0.103:8881, 192.168.0.103:8882]

2019-09-23 03:04:11,832 INFO Starting Nacos v1.0.1 on 0cda6763c05b with PID 25 (/home/nacos/target/nacos-server.jar started by root in /home/nacos)

2019-09-23 03:04:11,841 INFO No active profile set, falling back to default profiles: default

2019-09-23 03:04:12,794 INFO Nacos is starting...

2019-09-23 03:04:13,813 INFO Nacos is starting...

2019-09-23 03:04:14,816 INFO Nacos is starting...

2019-09-23 03:04:15,819 INFO Nacos is starting...

2019-09-23 03:04:16,824 INFO Nacos is starting...

2019-09-23 03:04:17,827 INFO Nacos is starting...

2019-09-23 03:04:18,830 INFO Nacos is starting...

2019-09-23 03:04:19,835 INFO Nacos is starting...

2019-09-23 03:04:20,847 INFO Nacos is starting...

2019-09-23 03:04:21,859 INFO Nacos is starting...

2019-09-23 03:04:22,928 INFO Nacos is starting...

2019-09-23 03:04:23,966 INFO Nacos is starting...

2019-09-23 03:04:25,483 INFO Nacos is starting...

2019-09-23 03:04:26,525 INFO Nacos is starting...

2019-09-23 03:04:27,621 INFO Nacos is starting...

2019-09-23 03:04:28,871 INFO Nacos is starting...

2019-09-23 03:04:30,810 INFO Nacos is starting...

2019-09-23 03:04:32,181 INFO Nacos is starting...

2019-09-23 03:04:33,334 INFO Nacos is starting...

2019-09-23 03:04:34,396 INFO Nacos is starting...

2019-09-23 03:04:36,431 INFO Nacos is starting...

2019-09-23 03:04:38,224 INFO Nacos is starting...

2019-09-23 03:04:39,816 INFO Nacos is starting...

2019-09-23 03:04:41,619 INFO Nacos is starting...

2019-09-23 03:04:43,839 INFO Nacos is starting...

2019-09-23 03:04:45,415 INFO Nacos is starting...

2019-09-23 03:04:48,524 INFO Nacos is starting...

2019-09-23 03:04:52,248 INFO Nacos is starting...

2019-09-23 03:04:56,958 INFO Nacos is starting...

2019-09-23 03:05:02,705 INFO Nacos is starting...

2019-09-23 03:05:05,748 INFO Nacos is starting...

2019-09-23 03:05:08,946 INFO Nacos is starting...

2019-09-23 03:05:19,004 INFO Nacos is starting...

2019-09-23 03:05:28,172 INFO Nacos is starting...

2019-09-23 03:05:41,800 INFO Nacos is starting...

2019-09-23 03:05:42,883 INFO Nacos is starting...

2019-09-23 03:05:43,869 INFO Nacos is starting...

2019-09-23 03:05:44,380 INFO Bean 'org.springframework.security.config.annotation.configuration.ObjectPostProcessorConfiguration' of type [org.springframework.security.config.annotation.configuration.ObjectPostProcessorConfiguration$$EnhancerBySpringCGLIB$$bf9dd51f] is not eligible for getting processed by all BeanPostProcessors (for example: not eligible for auto-proxying)

2019-09-23 03:05:44,624 INFO Bean 'objectPostProcessor' of type [org.springframework.security.config.annotation.configuration.AutowireBeanFactoryObjectPostProcessor] is not eligible for getting processed by all BeanPostProcessors (for example: not eligible for auto-proxying)

2019-09-23 03:05:44,631 INFO Bean 'org.springframework.security.access.expression.method.DefaultMethodSecurityExpressionHandler@71075444' of type [org.springframework.security.access.expression.method.DefaultMethodSecurityExpressionHandler] is not eligible for getting processed by all BeanPostProcessors (for example: not eligible for auto-proxying)

2019-09-23 03:05:44,640 INFO Bean 'org.springframework.security.config.annotation.method.configuration.GlobalMethodSecurityConfiguration' of type [org.springframework.security.config.annotation.method.configuration.GlobalMethodSecurityConfiguration$$EnhancerBySpringCGLIB$$e47277d1] is not eligible for getting processed by all BeanPostProcessors (for example: not eligible for auto-proxying)

2019-09-23 03:05:44,662 INFO Bean 'methodSecurityMetadataSource' of type [org.springframework.security.access.method.DelegatingMethodSecurityMetadataSource] is not eligible for getting processed by all BeanPostProcessors (for example: not eligible for auto-proxying)

2019-09-23 03:05:44,885 INFO Nacos is starting...

2019-09-23 03:05:45,888 INFO Nacos is starting...

2019-09-23 03:05:46,453 INFO Tomcat initialized with port(s): 8848 (http)

2019-09-23 03:05:46,599 INFO Initializing ProtocolHandler ["http-nio-8848"]

2019-09-23 03:05:46,704 INFO Starting service [Tomcat]

2019-09-23 03:05:46,708 INFO Starting Servlet Engine: Apache Tomcat/9.0.13

2019-09-23 03:05:46,778 INFO The APR based Apache Tomcat Native library which allows optimal performance in production environments was not found on the java.library.path: [/usr/java/packages/lib/amd64:/usr/lib64:/lib64:/lib:/usr/lib]

2019-09-23 03:05:46,892 INFO Nacos is starting...

2019-09-23 03:05:47,129 INFO Initializing Spring embedded WebApplicationContext

2019-09-23 03:05:47,130 INFO Root WebApplicationContext: initialization completed in 94999 ms

2019-09-23 03:05:47,913 INFO Nacos is starting...

2019-09-23 03:05:48,922 INFO Nacos is starting...

2019-09-23 03:05:49,926 INFO Nacos is starting...

2019-09-23 03:05:50,930 INFO Nacos is starting...

2019-09-23 03:05:51,945 INFO Nacos is starting...

2019-09-23 03:05:52,966 INFO Nacos is starting...

2019-09-23 03:05:53,981 INFO Nacos is starting...

2019-09-23 03:05:55,933 INFO Nacos is starting...

2019-09-23 03:05:56,333 INFO Use Mysql as the driver

2019-09-23 03:05:57,850 INFO Nacos is starting...

2019-09-23 03:05:59,772 INFO Nacos is starting...

2019-09-23 03:06:00,809 INFO Nacos is starting...

2019-09-23 03:06:01,841 INFO Nacos is starting...

2019-09-23 03:06:04,308 INFO Nacos is starting...

2019-09-23 03:06:06,801 INFO Nacos is starting...

2019-09-23 03:06:07,854 INFO Nacos is starting...

2019-09-23 03:06:09,164 INFO Nacos is starting...

2019-09-23 03:06:10,681 INFO Nacos is starting...

2019-09-23 03:06:12,448 INFO Nacos is starting...

2019-09-23 03:06:14,097 INFO Nacos is starting...

2019-09-23 03:06:15,327 INFO Nacos is starting...

2019-09-23 03:06:17,478 INFO Nacos is starting...

2019-09-23 03:06:20,095 INFO Nacos is starting...

2019-09-23 03:09:07,902 INFO The server IP list of Nacos is [192.168.0.103:8880, 192.168.0.103:8881, 192.168.0.103:8882]

2019-09-23 03:09:08,021 INFO Starting Nacos v1.0.1 on 0cda6763c05b with PID 24 (/home/nacos/target/nacos-server.jar started by root in /home/nacos)

2019-09-23 03:09:08,024 INFO No active profile set, falling back to default profiles: default

2019-09-23 03:09:09,574 INFO Nacos is starting...

2019-09-23 03:09:10,640 INFO Nacos is starting...

2019-09-23 03:09:11,643 INFO Nacos is starting...

2019-09-23 03:09:12,646 INFO Nacos is starting...

2019-09-23 03:09:13,649 INFO Nacos is starting...

2019-09-23 03:09:17,706 INFO Nacos is starting...

2019-09-23 03:09:18,871 INFO Nacos is starting...

2019-09-23 03:09:21,544 INFO Nacos is starting...

2019-09-23 03:09:23,337 INFO Nacos is starting...

2019-09-23 03:09:25,663 INFO Nacos is starting...

2019-09-23 03:09:28,399 INFO Nacos is starting...

2019-09-23 03:09:31,386 INFO Nacos is starting...

2019-09-23 03:09:34,776 INFO Nacos is starting...

2019-09-23 03:09:42,334 INFO Nacos is starting...

2019-09-23 03:09:53,064 INFO Nacos is starting...

2019-09-23 03:10:23,434 INFO Nacos is starting...

2019-09-23 03:15:41,697 INFO Nacos is starting...

2019-09-23 03:19:11,517 INFO The server IP list of Nacos is [192.168.0.103:8880, 192.168.0.103:8881, 192.168.0.103:8882]

2019-09-23 03:19:11,647 INFO Starting Nacos v1.0.1 on 0cda6763c05b with PID 24 (/home/nacos/target/nacos-server.jar started by root in /home/nacos)

2019-09-23 03:19:11,656 INFO No active profile set, falling back to default profiles: default

2019-09-23 03:19:12,547 INFO Nacos is starting...

2019-09-23 03:19:13,622 INFO Nacos is starting...

2019-09-23 03:19:14,636 INFO Nacos is starting...

2019-09-23 03:19:15,639 INFO Nacos is starting...

2019-09-23 03:19:16,620 INFO Nacos is starting...

2019-09-23 03:19:17,623 INFO Nacos is starting...

2019-09-23 03:19:19,058 INFO Nacos is starting...

2019-09-23 03:19:20,113 INFO Nacos is starting...

2019-09-23 03:19:21,618 INFO Nacos is starting...

2019-09-23 03:19:23,805 INFO Nacos is starting...

2019-09-23 03:19:25,071 INFO Nacos is starting...

2019-09-23 03:19:26,465 INFO Nacos is starting...

2019-09-23 03:19:27,846 INFO Nacos is starting...

2019-09-23 03:19:29,024 INFO Nacos is starting...

2019-09-23 03:19:30,067 INFO Nacos is starting...

2019-09-23 03:19:31,490 INFO Nacos is starting...

2019-09-23 03:19:33,099 INFO Nacos is starting...

2019-09-23 03:19:34,821 INFO Nacos is starting...

2019-09-23 03:19:37,377 INFO Nacos is starting...

2019-09-23 03:19:38,627 INFO Nacos is starting...

2019-09-23 03:19:40,834 INFO Nacos is starting...

2019-09-23 03:19:41,980 INFO Nacos is starting...

2019-09-23 03:19:43,573 INFO Nacos is starting...

2019-09-23 03:19:47,264 INFO Nacos is starting...

2019-09-23 03:19:48,875 INFO Nacos is starting...

2019-09-23 03:19:51,691 INFO Nacos is starting...

2019-09-23 03:19:53,689 INFO Nacos is starting...

2019-09-23 03:19:57,821 INFO Nacos is starting...

2019-09-23 03:20:01,417 INFO Nacos is starting...

2019-09-23 03:20:03,191 INFO Nacos is starting...

2019-09-23 03:20:05,973 INFO Nacos is starting...

2019-09-23 03:20:11,054 INFO Nacos is starting...

2019-09-23 03:20:15,598 INFO Nacos is starting...

2019-09-23 03:20:20,073 INFO Nacos is starting...

2019-09-23 03:20:23,940 INFO Nacos is starting...

2019-09-23 03:20:31,662 INFO Nacos is starting...

2019-09-23 03:20:39,639 INFO Nacos is starting...

2019-09-23 03:21:57,923 INFO The server IP list of Nacos is [192.168.0.103:8880, 192.168.0.103:8881, 192.168.0.103:8882]

2019-09-23 03:21:58,113 INFO Starting Nacos v1.0.1 on 0cda6763c05b with PID 24 (/home/nacos/target/nacos-server.jar started by root in /home/nacos)

2019-09-23 03:21:58,145 INFO No active profile set, falling back to default profiles: default

2019-09-23 03:21:58,998 INFO Nacos is starting...

2019-09-23 03:22:00,085 INFO Nacos is starting...

2019-09-23 03:22:01,091 INFO Nacos is starting...

2019-09-23 03:22:02,103 INFO Nacos is starting...

2019-09-23 03:22:03,108 INFO Nacos is starting...

2019-09-23 03:22:04,177 INFO Nacos is starting...

2019-09-23 03:22:05,183 INFO Nacos is starting...

2019-09-23 03:22:06,296 INFO Nacos is starting...

2019-09-23 03:22:07,739 INFO Nacos is starting...

2019-09-23 03:22:10,967 INFO Nacos is starting...

2019-09-23 03:22:12,059 INFO Nacos is starting...

2019-09-23 03:22:13,588 INFO Nacos is starting...

2019-09-23 03:22:15,778 INFO Nacos is starting...

2019-09-23 03:22:18,123 INFO Nacos is starting...

2019-09-23 03:22:19,862 INFO Nacos is starting...

2019-09-23 03:22:21,064 INFO Nacos is starting...

2019-09-23 03:22:22,563 INFO Nacos is starting...

2019-09-23 03:22:24,507 INFO Nacos is starting...

2019-09-23 03:22:26,107 INFO Nacos is starting...

2019-09-23 13:50:58,025 INFO The server IP list of Nacos is [192.168.0.103:8880, 192.168.0.103:8881, 192.168.0.103:8882]

2019-09-23 13:50:58,089 INFO Starting Nacos v1.0.1 on 0cda6763c05b with PID 24 (/home/nacos/target/nacos-server.jar started by root in /home/nacos)

2019-09-23 13:50:58,092 INFO No active profile set, falling back to default profiles: default

2019-09-23 13:50:59,059 INFO Nacos is starting...

2019-09-23 13:51:00,094 INFO Nacos is starting...

2019-09-23 13:51:01,109 INFO Nacos is starting...

2019-09-23 13:51:02,115 INFO Nacos is starting...

2019-09-23 13:51:03,121 INFO Nacos is starting...

2019-09-23 13:51:05,264 INFO Nacos is starting...

2019-09-23 13:51:06,429 INFO Nacos is starting...

2019-09-23 13:51:07,604 INFO Nacos is starting...

2019-09-23 13:51:09,363 INFO Nacos is starting...

2019-09-23 13:51:11,457 INFO Nacos is starting...

2019-09-23 13:51:13,520 INFO Nacos is starting...

2019-09-23 13:51:15,026 INFO Nacos is starting...

2019-09-23 13:51:17,034 INFO Nacos is starting...

2019-09-23 13:51:18,384 INFO Nacos is starting...

2019-09-23 13:51:20,537 INFO Nacos is starting...

2019-09-23 13:51:22,229 INFO Nacos is starting...

2019-09-23 13:51:23,965 INFO Nacos is starting...

2019-09-23 13:51:26,029 INFO Nacos is starting...

2019-09-23 13:51:28,524 INFO Nacos is starting...

2019-09-23 13:51:30,846 INFO Nacos is starting...

2019-09-23 13:51:35,919 INFO Nacos is starting...

2019-09-23 13:51:47,799 INFO Nacos is starting...

2019-09-23 13:51:52,969 INFO Nacos is starting...

2019-09-23 13:51:57,049 INFO Nacos is starting...

2019-09-23 13:52:00,225 INFO Nacos is starting...

2019-09-23 13:52:10,307 INFO Nacos is starting...

2019-09-23 13:52:26,239 INFO Nacos is starting...

2019-09-23 13:56:26,329 INFO The server IP list of Nacos is [192.168.0.103:8880, 192.168.0.103:8881, 192.168.0.103:8882]

2019-09-23 13:56:26,495 INFO Starting Nacos v1.0.1 on 0cda6763c05b with PID 24 (/home/nacos/target/nacos-server.jar started by root in /home/nacos)

2019-09-23 13:56:26,499 INFO No active profile set, falling back to default profiles: default

2019-09-23 13:56:27,423 INFO Nacos is starting...

2019-09-23 13:56:28,536 INFO Nacos is starting...

2019-09-23 13:56:29,877 INFO Nacos is starting...

2019-09-23 13:56:30,887 INFO Nacos is starting...

2019-09-23 13:56:31,892 INFO Nacos is starting...

2019-09-23 13:56:32,903 INFO Nacos is starting...

2019-09-23 13:56:33,917 INFO Nacos is starting...

2019-09-23 13:56:36,126 INFO Nacos is starting...

2019-09-23 13:56:37,224 INFO Nacos is starting...

2019-09-23 13:56:38,342 INFO Nacos is starting...

2019-09-23 13:56:39,646 INFO Nacos is starting...

2019-09-23 13:56:40,869 INFO Nacos is starting...

2019-09-23 13:56:41,971 INFO Nacos is starting...

2019-09-23 13:56:43,097 INFO Nacos is starting...

2019-09-23 13:56:44,640 INFO Nacos is starting...

2019-09-23 13:56:46,488 INFO Nacos is starting...

2019-09-23 13:56:48,367 INFO Nacos is starting...

2019-09-23 13:56:49,770 INFO Nacos is starting...

2019-09-23 13:56:51,141 INFO Nacos is starting...

2019-09-23 13:56:52,976 INFO Nacos is starting...

2019-09-23 13:56:55,541 INFO Nacos is starting...

2019-09-23 13:56:56,750 INFO Nacos is starting...

2019-09-23 13:56:57,958 INFO Nacos is starting...

2019-09-23 13:57:01,685 INFO Nacos is starting...

2019-09-23 13:57:03,440 INFO Nacos is starting...

2019-09-23 13:57:09,423 INFO Nacos is starting...

2019-09-23 13:57:12,710 INFO Nacos is starting...

2019-09-23 13:57:14,765 INFO Nacos is starting...

2019-09-23 13:57:16,658 INFO Nacos is starting...

2019-09-23 13:57:19,383 INFO Nacos is starting...

2019-09-23 13:57:26,445 INFO Nacos is starting...

2019-09-23 13:57:28,511 INFO Nacos is starting...

2019-09-23 13:57:30,959 INFO Nacos is starting...

2019-09-23 13:57:33,757 INFO Nacos is starting...

2019-09-23 13:57:37,461 INFO Nacos is starting...

2019-09-23 13:57:58,027 INFO Nacos is starting...

2019-09-23 13:58:01,831 INFO Nacos is starting...

2019-09-23 13:58:04,797 INFO Nacos is starting...

2019-09-23 13:58:06,972 INFO Nacos is starting...

2019-09-23 13:58:10,113 INFO Nacos is starting...

2019-09-23 13:58:13,411 INFO Nacos is starting...

2019-09-23 13:58:20,710 INFO Nacos is starting...

2019-09-23 13:58:26,628 INFO Nacos is starting...

2019-09-23 13:58:31,230 INFO Nacos is starting...

2019-09-23 13:58:50,497 INFO Nacos is starting...

2019-09-23 13:59:01,519 INFO Nacos is starting...

2019-09-23 13:59:26,814 INFO Nacos is starting...

2019-09-23 13:59:58,089 INFO Nacos is starting...

2019-09-23 14:00:38,455 INFO Nacos is starting...

2019-09-23 14:00:48,106 INFO Nacos is starting...

2019-09-23 14:00:55,273 INFO Nacos is starting...

2019-09-23 14:01:02,209 INFO Nacos is starting...

2019-09-23 14:01:06,140 INFO Nacos is starting...

2019-09-23 14:01:15,572 INFO Nacos is starting...

2019-09-23 14:01:30,645 INFO Nacos is starting...

2019-09-23 14:01:35,518 INFO Nacos is starting...

2019-09-23 14:01:41,168 INFO Nacos is starting...

2019-09-23 14:01:58,534 INFO Nacos is starting...

2019-09-23 14:02:06,256 INFO Nacos is starting...

2019-09-23 14:02:09,906 INFO Nacos is starting...

2019-09-23 14:02:11,300 INFO Nacos is starting...

2019-09-23 14:02:17,574 INFO Nacos is starting...

2019-09-23 14:02:48,882 INFO Nacos is starting...

2019-09-23 14:02:54,845 INFO Nacos is starting...

2019-09-23 14:03:02,219 INFO Nacos is starting...

2019-09-23 14:03:07,559 INFO Nacos is starting...

2019-09-23 14:03:11,414 INFO Nacos is starting...

2019-09-23 14:03:24,492 INFO Nacos is starting...

2019-09-23 14:03:32,994 INFO Nacos is starting...

2019-09-23 14:03:35,929 INFO Nacos is starting...

2019-09-23 14:03:37,402 INFO Nacos is starting...

2019-09-23 14:03:42,594 INFO Nacos is starting...

2019-09-23 14:03:46,304 INFO Nacos is starting...

2019-09-23 14:03:48,965 INFO Nacos is starting...

2019-09-23 14:03:50,888 INFO Nacos is starting...

2019-09-23 14:04:01,028 INFO Nacos is starting...

2019-09-23 14:04:03,841 INFO Nacos is starting...

2019-09-23 14:04:05,448 INFO Nacos is starting...

2019-09-23 14:04:20,382 INFO Nacos is starting...

2019-09-23 14:04:30,922 INFO Nacos is starting...

2019-09-23 14:04:34,747 INFO Nacos is starting...

2019-09-23 14:04:38,138 INFO Nacos is starting...

2019-09-23 14:04:41,478 INFO Nacos is starting...

2019-09-23 14:04:43,941 INFO Nacos is starting...

2019-09-23 14:04:50,717 INFO Nacos is starting...

2019-09-23 14:04:55,165 INFO Nacos is starting...

2019-09-23 14:04:57,270 INFO Nacos is starting...

2019-09-23 14:05:33,307 INFO Nacos is starting...

2019-09-23 14:05:52,585 INFO Nacos is starting...

2019-09-23 14:05:57,889 INFO Nacos is starting...

2019-09-23 14:06:11,180 INFO Nacos is starting...

2019-09-23 14:06:17,698 INFO Nacos is starting...

2019-09-23 14:06:38,579 INFO Nacos is starting...

2019-09-23 14:06:47,830 INFO Nacos is starting...

2019-09-23 14:07:03,337 INFO Nacos is starting...

2019-09-23 14:07:44,443 INFO Nacos is starting...

