
         ,--.
       ,--.'|
   ,--,:  : |                                           Nacos 1.0.1
,`--.'`|  ' :                       ,---.               Running in cluster mode, All function modules
|   :  :  | |                      '   ,'\   .--.--.    Port: 8848
:   |   \ | :  ,--.--.     ,---.  /   /   | /  /    '   Pid: 24
|   : '  '; | /       \   /     \.   ; ,. :|  :  /`./   Console: http://192.168.0.103:8848/nacos/index.html
'   ' ;.    ;.--.  .-. | /    / ''   | |: :|  :  ;_
|   | | \   | \__\/: . ..    ' / '   | .; : \  \    `.      https://nacos.io
'   : |  ; .' ," .--.; |'   ; :__|   :    |  `----.   \
|   | '`--'  /  /  ,.  |'   | '.'|\   \  /  /  /`--'  /
'   : |     ;  :   .'   \   :    : `----'  '--'.     /
;   |.'     |  ,     .-./\   \  /            `--'---'
'---'        `--`---'     `----'

2019-09-23 13:56:26,329 INFO The server IP list of Nacos is [192.168.0.103:8880, 192.168.0.103:8881, 192.168.0.103:8882]

2019-09-23 13:56:27,423 INFO Nacos is starting...

2019-09-23 13:56:28,536 INFO Nacos is starting...

2019-09-23 13:56:29,877 INFO Nacos is starting...

2019-09-23 13:56:30,887 INFO Nacos is starting...

2019-09-23 13:56:31,892 INFO Nacos is starting...

2019-09-23 13:56:32,903 INFO Nacos is starting...

2019-09-23 13:56:33,917 INFO Nacos is starting...

2019-09-23 13:56:36,126 INFO Nacos is starting...

2019-09-23 13:56:37,224 INFO Nacos is starting...

2019-09-23 13:56:38,342 INFO Nacos is starting...

2019-09-23 13:56:39,646 INFO Nacos is starting...

2019-09-23 13:56:40,869 INFO Nacos is starting...

2019-09-23 13:56:41,971 INFO Nacos is starting...

2019-09-23 13:56:43,097 INFO Nacos is starting...

2019-09-23 13:56:44,640 INFO Nacos is starting...

2019-09-23 13:56:46,488 INFO Nacos is starting...

2019-09-23 13:56:48,367 INFO Nacos is starting...

2019-09-23 13:56:49,770 INFO Nacos is starting...

2019-09-23 13:56:51,141 INFO Nacos is starting...

2019-09-23 13:56:52,976 INFO Nacos is starting...

2019-09-23 13:56:55,541 INFO Nacos is starting...

2019-09-23 13:56:56,750 INFO Nacos is starting...

2019-09-23 13:56:57,958 INFO Nacos is starting...

2019-09-23 13:57:01,685 INFO Nacos is starting...

2019-09-23 13:57:03,440 INFO Nacos is starting...

2019-09-23 13:57:09,423 INFO Nacos is starting...

2019-09-23 13:57:12,710 INFO Nacos is starting...

2019-09-23 13:57:14,765 INFO Nacos is starting...

2019-09-23 13:57:16,658 INFO Nacos is starting...

2019-09-23 13:57:19,383 INFO Nacos is starting...

2019-09-23 13:57:26,445 INFO Nacos is starting...

2019-09-23 13:57:28,511 INFO Nacos is starting...

2019-09-23 13:57:30,959 INFO Nacos is starting...

2019-09-23 13:57:33,757 INFO Nacos is starting...

2019-09-23 13:57:37,461 INFO Nacos is starting...

2019-09-23 13:57:58,027 INFO Nacos is starting...

2019-09-23 13:58:01,831 INFO Nacos is starting...

2019-09-23 13:58:04,797 INFO Nacos is starting...

2019-09-23 13:58:06,972 INFO Nacos is starting...

2019-09-23 13:58:10,113 INFO Nacos is starting...

2019-09-23 13:58:13,411 INFO Nacos is starting...

2019-09-23 13:58:20,710 INFO Nacos is starting...

2019-09-23 13:58:26,628 INFO Nacos is starting...

2019-09-23 13:58:31,230 INFO Nacos is starting...

2019-09-23 13:58:50,497 INFO Nacos is starting...

2019-09-23 13:59:01,519 INFO Nacos is starting...

2019-09-23 13:59:26,814 INFO Nacos is starting...

2019-09-23 13:59:58,089 INFO Nacos is starting...

2019-09-23 14:00:38,455 INFO Nacos is starting...

2019-09-23 14:00:48,106 INFO Nacos is starting...

2019-09-23 14:00:55,273 INFO Nacos is starting...

2019-09-23 14:01:02,209 INFO Nacos is starting...

2019-09-23 14:01:06,140 INFO Nacos is starting...

2019-09-23 14:01:15,572 INFO Nacos is starting...

2019-09-23 14:01:30,645 INFO Nacos is starting...

2019-09-23 14:01:35,518 INFO Nacos is starting...

2019-09-23 14:01:41,168 INFO Nacos is starting...

2019-09-23 14:01:58,534 INFO Nacos is starting...

2019-09-23 14:02:06,256 INFO Nacos is starting...

2019-09-23 14:02:09,906 INFO Nacos is starting...

2019-09-23 14:02:11,300 INFO Nacos is starting...

2019-09-23 14:02:17,574 INFO Nacos is starting...

2019-09-23 14:02:48,882 INFO Nacos is starting...

2019-09-23 14:02:54,845 INFO Nacos is starting...

2019-09-23 14:03:02,219 INFO Nacos is starting...

2019-09-23 14:03:07,559 INFO Nacos is starting...

2019-09-23 14:03:11,414 INFO Nacos is starting...

2019-09-23 14:03:24,492 INFO Nacos is starting...

2019-09-23 14:03:32,994 INFO Nacos is starting...

2019-09-23 14:03:35,929 INFO Nacos is starting...

2019-09-23 14:03:37,402 INFO Nacos is starting...

2019-09-23 14:03:42,594 INFO Nacos is starting...

2019-09-23 14:03:46,304 INFO Nacos is starting...

2019-09-23 14:03:48,965 INFO Nacos is starting...

2019-09-23 14:03:50,888 INFO Nacos is starting...

2019-09-23 14:04:01,028 INFO Nacos is starting...

2019-09-23 14:04:03,841 INFO Nacos is starting...

2019-09-23 14:04:05,448 INFO Nacos is starting...

2019-09-23 14:04:20,382 INFO Nacos is starting...

2019-09-23 14:04:30,922 INFO Nacos is starting...

2019-09-23 14:04:34,747 INFO Nacos is starting...

2019-09-23 14:04:38,138 INFO Nacos is starting...

2019-09-23 14:04:41,478 INFO Nacos is starting...

2019-09-23 14:04:43,941 INFO Nacos is starting...

2019-09-23 14:04:50,717 INFO Nacos is starting...

2019-09-23 14:04:55,165 INFO Nacos is starting...

2019-09-23 14:04:57,270 INFO Nacos is starting...

2019-09-23 14:05:33,307 INFO Nacos is starting...

2019-09-23 14:05:52,585 INFO Nacos is starting...

2019-09-23 14:05:57,889 INFO Nacos is starting...

2019-09-23 14:06:11,180 INFO Nacos is starting...

2019-09-23 14:06:17,698 INFO Nacos is starting...

2019-09-23 14:06:38,579 INFO Nacos is starting...

2019-09-23 14:06:47,830 INFO Nacos is starting...

2019-09-23 14:07:03,337 INFO Nacos is starting...

2019-09-23 14:07:44,443 INFO Nacos is starting...

